<?xml version="1.0" encoding="UTF-8" ?>
<testsuite tests="7" failures="0" name="TestSuite" time="87.275" errors="0" skipped="6">
  <properties>
    <property name="java.runtime.name" value="Java(TM) SE Runtime Environment"/>
    <property name="sun.boot.library.path" value="C:\Program Files\Java\jdk1.8.0_25\jre\bin"/>
    <property name="java.vm.version" value="25.25-b02"/>
    <property name="java.vm.vendor" value="Oracle Corporation"/>
    <property name="java.vendor.url" value="http://java.oracle.com/"/>
    <property name="path.separator" value=";"/>
    <property name="guice.disable.misplaced.annotation.check" value="true"/>
    <property name="java.vm.name" value="Java HotSpot(TM) 64-Bit Server VM"/>
    <property name="file.encoding.pkg" value="sun.io"/>
    <property name="user.script" value=""/>
    <property name="user.country" value="CA"/>
    <property name="sun.java.launcher" value="SUN_STANDARD"/>
    <property name="sun.os.patch.level" value="Service Pack 1"/>
    <property name="java.vm.specification.name" value="Java Virtual Machine Specification"/>
    <property name="user.dir" value="C:\Users\othnvun\workspace_framework\maaxautomation"/>
    <property name="java.runtime.version" value="1.8.0_25-b18"/>
    <property name="java.awt.graphicsenv" value="sun.awt.Win32GraphicsEnvironment"/>
    <property name="java.endorsed.dirs" value="C:\Program Files\Java\jdk1.8.0_25\jre\lib\endorsed"/>
    <property name="os.arch" value="amd64"/>
    <property name="java.io.tmpdir" value="C:\Users\othnvun\AppData\Local\Temp\"/>
    <property name="line.separator" value="
"/>
    <property name="java.vm.specification.vendor" value="Oracle Corporation"/>
    <property name="user.variant" value=""/>
    <property name="os.name" value="Windows 7"/>
    <property name="classworlds.conf" value="C:\Seli\apache-maven-3.2.3\bin\m2.conf"/>
    <property name="sun.jnu.encoding" value="Cp1252"/>
    <property name="java.library.path" value="C:\Program Files\Java\jdk1.8.0_25\bin;C:\Windows\Sun\Java\bin;C:\Windows\system32;C:\Windows;C:\ProgramData\Oracle\Java\javapath;C:\Program Files (x86)\IBM\Lotus\Notes\jvm\bin\classic;c:\oracl11g;c:\oracl11g\bin;C:\Program Files (x86)\IBM\Lotus\Notes\jvm\bin\classic;C:\Windows\system32;C:\Windows;C:\Windows\System32\Wbem;C:\Windows\System32\WindowsPowerShell\v1.0\;C:\Program Files (x86)\IBM\Lotus\Notes\jvm\bin\classic;C:\Program Files (x86)\Microsoft Application Virtualization Client;C:\Program Files (x86)\IBM\Lotus\Notes;C:\Program Files\TortoiseSVN\bin;C:\apache-ant-1.9.4\bin;C:\Seli\apache-maven-3.2.3\bin;C:\Program Files\Java\jdk1.8.0_25\bin;."/>
    <property name="java.specification.name" value="Java Platform API Specification"/>
    <property name="java.class.version" value="52.0"/>
    <property name="sun.management.compiler" value="HotSpot 64-Bit Tiered Compilers"/>
    <property name="os.version" value="6.1"/>
    <property name="user.home" value="C:\Users\othnvun"/>
    <property name="user.timezone" value="America/Halifax"/>
    <property name="java.awt.printerjob" value="sun.awt.windows.WPrinterJob"/>
    <property name="java.specification.version" value="1.8"/>
    <property name="file.encoding" value="Cp1252"/>
    <property name="user.name" value="othnvun"/>
    <property name="java.class.path" value="C:\Seli\apache-maven-3.2.3\boot\plexus-classworlds-2.5.1.jar"/>
    <property name="java.vm.specification.version" value="1.8"/>
    <property name="sun.arch.data.model" value="64"/>
    <property name="java.home" value="C:\Program Files\Java\jdk1.8.0_25\jre"/>
    <property name="sun.java.command" value="org.codehaus.plexus.classworlds.launcher.Launcher test"/>
    <property name="java.specification.vendor" value="Oracle Corporation"/>
    <property name="user.language" value="en"/>
    <property name="awt.toolkit" value="sun.awt.windows.WToolkit"/>
    <property name="java.vm.info" value="mixed mode"/>
    <property name="java.version" value="1.8.0_25"/>
    <property name="java.ext.dirs" value="C:\Program Files\Java\jdk1.8.0_25\jre\lib\ext;C:\Windows\Sun\Java\lib\ext"/>
    <property name="sun.boot.class.path" value="C:\Program Files\Java\jdk1.8.0_25\jre\lib\resources.jar;C:\Program Files\Java\jdk1.8.0_25\jre\lib\rt.jar;C:\Program Files\Java\jdk1.8.0_25\jre\lib\sunrsasign.jar;C:\Program Files\Java\jdk1.8.0_25\jre\lib\jsse.jar;C:\Program Files\Java\jdk1.8.0_25\jre\lib\jce.jar;C:\Program Files\Java\jdk1.8.0_25\jre\lib\charsets.jar;C:\Program Files\Java\jdk1.8.0_25\jre\lib\jfr.jar;C:\Program Files\Java\jdk1.8.0_25\jre\classes"/>
    <property name="sun.stderr.encoding" value="cp850"/>
    <property name="java.vendor" value="Oracle Corporation"/>
    <property name="maven.home" value="C:\Seli\apache-maven-3.2.3"/>
    <property name="file.separator" value="\"/>
    <property name="java.vendor.url.bug" value="http://bugreport.sun.com/bugreport/"/>
    <property name="sun.cpu.endian" value="little"/>
    <property name="sun.io.unicode.encoding" value="UnicodeLittle"/>
    <property name="sun.stdout.encoding" value="cp850"/>
    <property name="sun.desktop" value="windows"/>
    <property name="sun.cpu.isalist" value="amd64"/>
  </properties>
  <testcase classname="com.maax.businessmanager.common.sampleTest" name="basicnavigation" time="3.938">
    <skipped/>
    <system-out>Starting suitecommonTest
Starting suitecommonTest
basicnavigation
Test case found   :basicnavigation
Total columns of test data are  ::21
Total rows of test data are  ::6
Hello
{beneligiagreesave=//*[@id=&apos;benefitEligibilityAgreement:incBenefitEligibilityAgreement:saveButton&apos;], beneeleigibilityagreementsearch=//*[@id=&apos;searchAgreement:incSearchAgreement:searchButton&apos;], password=//*[@id=&apos;password&apos;], waitingperioddp=//*[@id=&apos;benefitEligibilityAgreement:incBenefitEligibilityAgreement:waitingPeriodMenu&apos;], beneeleigibiltyaddbutton=//*[@id=&apos;searchAgreement:incSearchAgreement:addButton&apos;], Beneeligibilitylink=//*[@id=&apos;businessmanagerGateway:tree:n-0-1-0:AUTO_03192&apos;], agreementadddescription=//*[@id=&apos;benefitEligibilityAgreement:incBenefitEligibilityAgreement:agreementDescription&apos;], BusinessManagerlink=//*[@id=&apos;mainMenu:menuBarEnroll:business:out&apos;], commonagreementlink=//*[@id=&apos;businessmanagerGateway:tree:n-0:AUTO_03192&apos;], depaddbutton=//*[@id=&apos;benefitEligibilityAgreement:incBenefitEligibilityAgreement:addEligibleDependents&apos;], startdatecalculation=//*[@id=&apos;benefitEligibilityAgreement:incBenefitEligibilityAgreement:startDateCalculation&apos;], hostedcarrierdp=//*[@id=&apos;benefitEligibilityAgreement:incBenefitEligibilityAgreement:selectedHostedCarrier&apos;], agreementaddcodefield=//*[@id=&apos;benefitEligibilityAgreement:incBenefitEligibilityAgreement:agreementCode&apos;], waitingperiodtext=//*[@id=&apos;benefitEligibilityAgreement:incBenefitEligibilityAgreement:waitingPeriod&apos;], categorydp=//*[@id=&apos;benefitEligibilityAgreement:incBenefitEligibilityAgreement:category&apos;], URL=https://securete.medavie.bluecross.ca/eai/login?uid=unauthenticated&amp;dst=https://securete.medavie.bluecross.ca/MAAX_PBA2SB/, loginbtn=//*[@id=&apos;login_label&apos;], Agreementslink=//*[@id=&apos;businessmanagerGateway:tree:n-root:AUTO_03192&apos;], bookofbusinessdp=//*[@id=&apos;benefitEligibilityAgreement:incBenefitEligibilityAgreement:selectedBookOfBusiness&apos;], depenterminationagetxt=//*[@id=&apos;benefitEligibilityAgreement:incBenefitEligibilityAgreement:terminationAge&apos;], qualificationprdtxt=//*[@id=&apos;benefitEligibilityAgreement:incBenefitEligibilityAgreement:qualificationPeriod&apos;], subcategorydp=//*[@id=&apos;benefitEligibilityAgreement:incBenefitEligibilityAgreement:subCategory&apos;], Terminationdatecal=//*[@id=&apos;benefitEligibilityAgreement:incBenefitEligibilityAgreement:termDateCalculation&apos;], agreementsearchcodefield=//*[@id=&apos;searchAgreement:incSearchAgreement:code&apos;], depterminatindatecal=//*[@id=&apos;benefitEligibilityAgreement:incBenefitEligibilityAgreement:terminationDateCalculation&apos;], terminationage=//*[@id=&apos;benefitEligibilityAgreement:incBenefitEligibilityAgreement:termAge&apos;], loginid=//*[@id=&apos;username&apos;], beneligibilitystatusdp=//*[@id=&apos;benefitEligibilityAgreement:incBenefitEligibilityAgreement:agreementStatus&apos;], addtolistbutton=//*[@id=&apos;benefitEligibilityAgreement:incBenefitEligibilityAgreement:addToListButton&apos;], enrollmenteligibilitylink=//*[@id=&apos;businessmanagerGateway:tree:n-0-1:AUTO_03192&apos;], qualificationprddp=//*[@id=&apos;benefitEligibilityAgreement:incBenefitEligibilityAgreement:qualificationPeriodMenu&apos;]}
{beneligiagreesave=//*[@id=&apos;benefitEligibilityAgreement:incBenefitEligibilityAgreement:saveButton&apos;], beneeleigibilityagreementsearch=//*[@id=&apos;searchAgreement:incSearchAgreement:searchButton&apos;], password=//*[@id=&apos;password&apos;], waitingperioddp=//*[@id=&apos;benefitEligibilityAgreement:incBenefitEligibilityAgreement:waitingPeriodMenu&apos;], beneeleigibiltyaddbutton=//*[@id=&apos;searchAgreement:incSearchAgreement:addButton&apos;], Beneeligibilitylink=//*[@id=&apos;businessmanagerGateway:tree:n-0-1-0:AUTO_03192&apos;], agreementadddescription=//*[@id=&apos;benefitEligibilityAgreement:incBenefitEligibilityAgreement:agreementDescription&apos;], BusinessManagerlink=//*[@id=&apos;mainMenu:menuBarEnroll:business:out&apos;], commonagreementlink=//*[@id=&apos;businessmanagerGateway:tree:n-0:AUTO_03192&apos;], depaddbutton=//*[@id=&apos;benefitEligibilityAgreement:incBenefitEligibilityAgreement:addEligibleDependents&apos;], startdatecalculation=//*[@id=&apos;benefitEligibilityAgreement:incBenefitEligibilityAgreement:startDateCalculation&apos;], hostedcarrierdp=//*[@id=&apos;benefitEligibilityAgreement:incBenefitEligibilityAgreement:selectedHostedCarrier&apos;], agreementaddcodefield=//*[@id=&apos;benefitEligibilityAgreement:incBenefitEligibilityAgreement:agreementCode&apos;], waitingperiodtext=//*[@id=&apos;benefitEligibilityAgreement:incBenefitEligibilityAgreement:waitingPeriod&apos;], categorydp=//*[@id=&apos;benefitEligibilityAgreement:incBenefitEligibilityAgreement:category&apos;], URL=https://securete.medavie.bluecross.ca/eai/login?uid=unauthenticated&amp;dst=https://securete.medavie.bluecross.ca/MAAX_PBA2SB/, loginbtn=//*[@id=&apos;login_label&apos;], Agreementslink=//*[@id=&apos;businessmanagerGateway:tree:n-root:AUTO_03192&apos;], bookofbusinessdp=//*[@id=&apos;benefitEligibilityAgreement:incBenefitEligibilityAgreement:selectedBookOfBusiness&apos;], depenterminationagetxt=//*[@id=&apos;benefitEligibilityAgreement:incBenefitEligibilityAgreement:terminationAge&apos;], qualificationprdtxt=//*[@id=&apos;benefitEligibilityAgreement:incBenefitEligibilityAgreement:qualificationPeriod&apos;], subcategorydp=//*[@id=&apos;benefitEligibilityAgreement:incBenefitEligibilityAgreement:subCategory&apos;], Terminationdatecal=//*[@id=&apos;benefitEligibilityAgreement:incBenefitEligibilityAgreement:termDateCalculation&apos;], agreementsearchcodefield=//*[@id=&apos;searchAgreement:incSearchAgreement:code&apos;], depterminatindatecal=//*[@id=&apos;benefitEligibilityAgreement:incBenefitEligibilityAgreement:terminationDateCalculation&apos;], terminationage=//*[@id=&apos;benefitEligibilityAgreement:incBenefitEligibilityAgreement:termAge&apos;], loginid=//*[@id=&apos;username&apos;], beneligibilitystatusdp=//*[@id=&apos;benefitEligibilityAgreement:incBenefitEligibilityAgreement:agreementStatus&apos;], addtolistbutton=//*[@id=&apos;benefitEligibilityAgreement:incBenefitEligibilityAgreement:addToListButton&apos;], enrollmenteligibilitylink=//*[@id=&apos;businessmanagerGateway:tree:n-0-1:AUTO_03192&apos;], qualificationprddp=//*[@id=&apos;benefitEligibilityAgreement:incBenefitEligibilityAgreement:qualificationPeriodMenu&apos;]}
{beneligiagreesave=//*[@id=&apos;benefitEligibilityAgreement:incBenefitEligibilityAgreement:saveButton&apos;], beneeleigibilityagreementsearch=//*[@id=&apos;searchAgreement:incSearchAgreement:searchButton&apos;], password=//*[@id=&apos;password&apos;], waitingperioddp=//*[@id=&apos;benefitEligibilityAgreement:incBenefitEligibilityAgreement:waitingPeriodMenu&apos;], beneeleigibiltyaddbutton=//*[@id=&apos;searchAgreement:incSearchAgreement:addButton&apos;], Beneeligibilitylink=//*[@id=&apos;businessmanagerGateway:tree:n-0-1-0:AUTO_03192&apos;], agreementadddescription=//*[@id=&apos;benefitEligibilityAgreement:incBenefitEligibilityAgreement:agreementDescription&apos;], BusinessManagerlink=//*[@id=&apos;mainMenu:menuBarEnroll:business:out&apos;], commonagreementlink=//*[@id=&apos;businessmanagerGateway:tree:n-0:AUTO_03192&apos;], depaddbutton=//*[@id=&apos;benefitEligibilityAgreement:incBenefitEligibilityAgreement:addEligibleDependents&apos;], startdatecalculation=//*[@id=&apos;benefitEligibilityAgreement:incBenefitEligibilityAgreement:startDateCalculation&apos;], hostedcarrierdp=//*[@id=&apos;benefitEligibilityAgreement:incBenefitEligibilityAgreement:selectedHostedCarrier&apos;], agreementaddcodefield=//*[@id=&apos;benefitEligibilityAgreement:incBenefitEligibilityAgreement:agreementCode&apos;], waitingperiodtext=//*[@id=&apos;benefitEligibilityAgreement:incBenefitEligibilityAgreement:waitingPeriod&apos;], categorydp=//*[@id=&apos;benefitEligibilityAgreement:incBenefitEligibilityAgreement:category&apos;], URL=https://securete.medavie.bluecross.ca/eai/login?uid=unauthenticated&amp;dst=https://securete.medavie.bluecross.ca/MAAX_PBA2SB/, loginbtn=//*[@id=&apos;login_label&apos;], Agreementslink=//*[@id=&apos;businessmanagerGateway:tree:n-root:AUTO_03192&apos;], bookofbusinessdp=//*[@id=&apos;benefitEligibilityAgreement:incBenefitEligibilityAgreement:selectedBookOfBusiness&apos;], depenterminationagetxt=//*[@id=&apos;benefitEligibilityAgreement:incBenefitEligibilityAgreement:terminationAge&apos;], qualificationprdtxt=//*[@id=&apos;benefitEligibilityAgreement:incBenefitEligibilityAgreement:qualificationPeriod&apos;], subcategorydp=//*[@id=&apos;benefitEligibilityAgreement:incBenefitEligibilityAgreement:subCategory&apos;], Terminationdatecal=//*[@id=&apos;benefitEligibilityAgreement:incBenefitEligibilityAgreement:termDateCalculation&apos;], agreementsearchcodefield=//*[@id=&apos;searchAgreement:incSearchAgreement:code&apos;], depterminatindatecal=//*[@id=&apos;benefitEligibilityAgreement:incBenefitEligibilityAgreement:terminationDateCalculation&apos;], terminationage=//*[@id=&apos;benefitEligibilityAgreement:incBenefitEligibilityAgreement:termAge&apos;], loginid=//*[@id=&apos;username&apos;], beneligibilitystatusdp=//*[@id=&apos;benefitEligibilityAgreement:incBenefitEligibilityAgreement:agreementStatus&apos;], addtolistbutton=//*[@id=&apos;benefitEligibilityAgreement:incBenefitEligibilityAgreement:addToListButton&apos;], enrollmenteligibilitylink=//*[@id=&apos;businessmanagerGateway:tree:n-0-1:AUTO_03192&apos;], qualificationprddp=//*[@id=&apos;benefitEligibilityAgreement:incBenefitEligibilityAgreement:qualificationPeriodMenu&apos;]}
{beneligiagreesave=//*[@id=&apos;benefitEligibilityAgreement:incBenefitEligibilityAgreement:saveButton&apos;], beneeleigibilityagreementsearch=//*[@id=&apos;searchAgreement:incSearchAgreement:searchButton&apos;], password=//*[@id=&apos;password&apos;], waitingperioddp=//*[@id=&apos;benefitEligibilityAgreement:incBenefitEligibilityAgreement:waitingPeriodMenu&apos;], beneeleigibiltyaddbutton=//*[@id=&apos;searchAgreement:incSearchAgreement:addButton&apos;], Beneeligibilitylink=//*[@id=&apos;businessmanagerGateway:tree:n-0-1-0:AUTO_03192&apos;], agreementadddescription=//*[@id=&apos;benefitEligibilityAgreement:incBenefitEligibilityAgreement:agreementDescription&apos;], BusinessManagerlink=//*[@id=&apos;mainMenu:menuBarEnroll:business:out&apos;], commonagreementlink=//*[@id=&apos;businessmanagerGateway:tree:n-0:AUTO_03192&apos;], depaddbutton=//*[@id=&apos;benefitEligibilityAgreement:incBenefitEligibilityAgreement:addEligibleDependents&apos;], startdatecalculation=//*[@id=&apos;benefitEligibilityAgreement:incBenefitEligibilityAgreement:startDateCalculation&apos;], hostedcarrierdp=//*[@id=&apos;benefitEligibilityAgreement:incBenefitEligibilityAgreement:selectedHostedCarrier&apos;], agreementaddcodefield=//*[@id=&apos;benefitEligibilityAgreement:incBenefitEligibilityAgreement:agreementCode&apos;], waitingperiodtext=//*[@id=&apos;benefitEligibilityAgreement:incBenefitEligibilityAgreement:waitingPeriod&apos;], categorydp=//*[@id=&apos;benefitEligibilityAgreement:incBenefitEligibilityAgreement:category&apos;], URL=https://securete.medavie.bluecross.ca/eai/login?uid=unauthenticated&amp;dst=https://securete.medavie.bluecross.ca/MAAX_PBA2SB/, loginbtn=//*[@id=&apos;login_label&apos;], Agreementslink=//*[@id=&apos;businessmanagerGateway:tree:n-root:AUTO_03192&apos;], bookofbusinessdp=//*[@id=&apos;benefitEligibilityAgreement:incBenefitEligibilityAgreement:selectedBookOfBusiness&apos;], depenterminationagetxt=//*[@id=&apos;benefitEligibilityAgreement:incBenefitEligibilityAgreement:terminationAge&apos;], qualificationprdtxt=//*[@id=&apos;benefitEligibilityAgreement:incBenefitEligibilityAgreement:qualificationPeriod&apos;], subcategorydp=//*[@id=&apos;benefitEligibilityAgreement:incBenefitEligibilityAgreement:subCategory&apos;], Terminationdatecal=//*[@id=&apos;benefitEligibilityAgreement:incBenefitEligibilityAgreement:termDateCalculation&apos;], agreementsearchcodefield=//*[@id=&apos;searchAgreement:incSearchAgreement:code&apos;], depterminatindatecal=//*[@id=&apos;benefitEligibilityAgreement:incBenefitEligibilityAgreement:terminationDateCalculation&apos;], terminationage=//*[@id=&apos;benefitEligibilityAgreement:incBenefitEligibilityAgreement:termAge&apos;], loginid=//*[@id=&apos;username&apos;], beneligibilitystatusdp=//*[@id=&apos;benefitEligibilityAgreement:incBenefitEligibilityAgreement:agreementStatus&apos;], addtolistbutton=//*[@id=&apos;benefitEligibilityAgreement:incBenefitEligibilityAgreement:addToListButton&apos;], enrollmenteligibilitylink=//*[@id=&apos;businessmanagerGateway:tree:n-0-1:AUTO_03192&apos;], qualificationprddp=//*[@id=&apos;benefitEligibilityAgreement:incBenefitEligibilityAgreement:qualificationPeriodMenu&apos;]}
{beneligiagreesave=//*[@id=&apos;benefitEligibilityAgreement:incBenefitEligibilityAgreement:saveButton&apos;], beneeleigibilityagreementsearch=//*[@id=&apos;searchAgreement:incSearchAgreement:searchButton&apos;], password=//*[@id=&apos;password&apos;], waitingperioddp=//*[@id=&apos;benefitEligibilityAgreement:incBenefitEligibilityAgreement:waitingPeriodMenu&apos;], beneeleigibiltyaddbutton=//*[@id=&apos;searchAgreement:incSearchAgreement:addButton&apos;], Beneeligibilitylink=//*[@id=&apos;businessmanagerGateway:tree:n-0-1-0:AUTO_03192&apos;], agreementadddescription=//*[@id=&apos;benefitEligibilityAgreement:incBenefitEligibilityAgreement:agreementDescription&apos;], BusinessManagerlink=//*[@id=&apos;mainMenu:menuBarEnroll:business:out&apos;], commonagreementlink=//*[@id=&apos;businessmanagerGateway:tree:n-0:AUTO_03192&apos;], depaddbutton=//*[@id=&apos;benefitEligibilityAgreement:incBenefitEligibilityAgreement:addEligibleDependents&apos;], startdatecalculation=//*[@id=&apos;benefitEligibilityAgreement:incBenefitEligibilityAgreement:startDateCalculation&apos;], hostedcarrierdp=//*[@id=&apos;benefitEligibilityAgreement:incBenefitEligibilityAgreement:selectedHostedCarrier&apos;], agreementaddcodefield=//*[@id=&apos;benefitEligibilityAgreement:incBenefitEligibilityAgreement:agreementCode&apos;], waitingperiodtext=//*[@id=&apos;benefitEligibilityAgreement:incBenefitEligibilityAgreement:waitingPeriod&apos;], categorydp=//*[@id=&apos;benefitEligibilityAgreement:incBenefitEligibilityAgreement:category&apos;], URL=https://securete.medavie.bluecross.ca/eai/login?uid=unauthenticated&amp;dst=https://securete.medavie.bluecross.ca/MAAX_PBA2SB/, loginbtn=//*[@id=&apos;login_label&apos;], Agreementslink=//*[@id=&apos;businessmanagerGateway:tree:n-root:AUTO_03192&apos;], bookofbusinessdp=//*[@id=&apos;benefitEligibilityAgreement:incBenefitEligibilityAgreement:selectedBookOfBusiness&apos;], depenterminationagetxt=//*[@id=&apos;benefitEligibilityAgreement:incBenefitEligibilityAgreement:terminationAge&apos;], qualificationprdtxt=//*[@id=&apos;benefitEligibilityAgreement:incBenefitEligibilityAgreement:qualificationPeriod&apos;], subcategorydp=//*[@id=&apos;benefitEligibilityAgreement:incBenefitEligibilityAgreement:subCategory&apos;], Terminationdatecal=//*[@id=&apos;benefitEligibilityAgreement:incBenefitEligibilityAgreement:termDateCalculation&apos;], agreementsearchcodefield=//*[@id=&apos;searchAgreement:incSearchAgreement:code&apos;], depterminatindatecal=//*[@id=&apos;benefitEligibilityAgreement:incBenefitEligibilityAgreement:terminationDateCalculation&apos;], terminationage=//*[@id=&apos;benefitEligibilityAgreement:incBenefitEligibilityAgreement:termAge&apos;], loginid=//*[@id=&apos;username&apos;], beneligibilitystatusdp=//*[@id=&apos;benefitEligibilityAgreement:incBenefitEligibilityAgreement:agreementStatus&apos;], addtolistbutton=//*[@id=&apos;benefitEligibilityAgreement:incBenefitEligibilityAgreement:addToListButton&apos;], enrollmenteligibilitylink=//*[@id=&apos;businessmanagerGateway:tree:n-0-1:AUTO_03192&apos;], qualificationprddp=//*[@id=&apos;benefitEligibilityAgreement:incBenefitEligibilityAgreement:qualificationPeriodMenu&apos;]}
{beneligiagreesave=//*[@id=&apos;benefitEligibilityAgreement:incBenefitEligibilityAgreement:saveButton&apos;], beneeleigibilityagreementsearch=//*[@id=&apos;searchAgreement:incSearchAgreement:searchButton&apos;], password=//*[@id=&apos;password&apos;], waitingperioddp=//*[@id=&apos;benefitEligibilityAgreement:incBenefitEligibilityAgreement:waitingPeriodMenu&apos;], beneeleigibiltyaddbutton=//*[@id=&apos;searchAgreement:incSearchAgreement:addButton&apos;], Beneeligibilitylink=//*[@id=&apos;businessmanagerGateway:tree:n-0-1-0:AUTO_03192&apos;], agreementadddescription=//*[@id=&apos;benefitEligibilityAgreement:incBenefitEligibilityAgreement:agreementDescription&apos;], BusinessManagerlink=//*[@id=&apos;mainMenu:menuBarEnroll:business:out&apos;], commonagreementlink=//*[@id=&apos;businessmanagerGateway:tree:n-0:AUTO_03192&apos;], depaddbutton=//*[@id=&apos;benefitEligibilityAgreement:incBenefitEligibilityAgreement:addEligibleDependents&apos;], startdatecalculation=//*[@id=&apos;benefitEligibilityAgreement:incBenefitEligibilityAgreement:startDateCalculation&apos;], hostedcarrierdp=//*[@id=&apos;benefitEligibilityAgreement:incBenefitEligibilityAgreement:selectedHostedCarrier&apos;], agreementaddcodefield=//*[@id=&apos;benefitEligibilityAgreement:incBenefitEligibilityAgreement:agreementCode&apos;], waitingperiodtext=//*[@id=&apos;benefitEligibilityAgreement:incBenefitEligibilityAgreement:waitingPeriod&apos;], categorydp=//*[@id=&apos;benefitEligibilityAgreement:incBenefitEligibilityAgreement:category&apos;], URL=https://securete.medavie.bluecross.ca/eai/login?uid=unauthenticated&amp;dst=https://securete.medavie.bluecross.ca/MAAX_PBA2SB/, loginbtn=//*[@id=&apos;login_label&apos;], Agreementslink=//*[@id=&apos;businessmanagerGateway:tree:n-root:AUTO_03192&apos;], bookofbusinessdp=//*[@id=&apos;benefitEligibilityAgreement:incBenefitEligibilityAgreement:selectedBookOfBusiness&apos;], depenterminationagetxt=//*[@id=&apos;benefitEligibilityAgreement:incBenefitEligibilityAgreement:terminationAge&apos;], qualificationprdtxt=//*[@id=&apos;benefitEligibilityAgreement:incBenefitEligibilityAgreement:qualificationPeriod&apos;], subcategorydp=//*[@id=&apos;benefitEligibilityAgreement:incBenefitEligibilityAgreement:subCategory&apos;], Terminationdatecal=//*[@id=&apos;benefitEligibilityAgreement:incBenefitEligibilityAgreement:termDateCalculation&apos;], agreementsearchcodefield=//*[@id=&apos;searchAgreement:incSearchAgreement:code&apos;], depterminatindatecal=//*[@id=&apos;benefitEligibilityAgreement:incBenefitEligibilityAgreement:terminationDateCalculation&apos;], terminationage=//*[@id=&apos;benefitEligibilityAgreement:incBenefitEligibilityAgreement:termAge&apos;], loginid=//*[@id=&apos;username&apos;], beneligibilitystatusdp=//*[@id=&apos;benefitEligibilityAgreement:incBenefitEligibilityAgreement:agreementStatus&apos;], addtolistbutton=//*[@id=&apos;benefitEligibilityAgreement:incBenefitEligibilityAgreement:addToListButton&apos;], enrollmenteligibilitylink=//*[@id=&apos;businessmanagerGateway:tree:n-0-1:AUTO_03192&apos;], qualificationprddp=//*[@id=&apos;benefitEligibilityAgreement:incBenefitEligibilityAgreement:qualificationPeriodMenu&apos;]}
</system-out>
    <system-err>log4j:WARN No appenders could be found for logger (org.apache.http.client.protocol.RequestAddCookies).
log4j:WARN Please initialize the log4j system properly.
log4j:WARN No appenders could be found for logger (org.apache.http.client.protocol.RequestAddCookies).
log4j:WARN Please initialize the log4j system properly.
log4j:WARN No appenders could be found for logger (org.apache.http.client.protocol.RequestAddCookies).
log4j:WARN Please initialize the log4j system properly.
log4j:WARN No appenders could be found for logger (org.apache.http.client.protocol.RequestAddCookies).
log4j:WARN Please initialize the log4j system properly.
log4j:WARN No appenders could be found for logger (org.apache.http.client.protocol.RequestAddCookies).
log4j:WARN Please initialize the log4j system properly.
log4j:WARN No appenders could be found for logger (org.apache.http.client.protocol.RequestAddCookies).
log4j:WARN Please initialize the log4j system properly.
</system-err>
  </testcase>
  <testcase classname="com.maax.businessmanager.common.sampleTest" name="basicnavigation" time="4.394">
    <skipped/>
  </testcase>
  <testcase classname="com.maax.businessmanager.common.sampleTest" name="basicnavigation" time="4.658">
    <skipped/>
  </testcase>
  <testcase classname="com.maax.businessmanager.common.sampleTest" name="basicnavigation" time="7.467">
    <skipped/>
  </testcase>
  <testcase classname="com.maax.businessmanager.common.sampleTest" name="basicnavigation" time="11.721">
    <skipped/>
  </testcase>
  <testcase classname="com.maax.businessmanager.common.sampleTest" name="basicnavigation" time="54.068">
    <skipped/>
  </testcase>
  <testcase classname="com.maax.businessmanager.common.databasecheckTEST" name="dbtest" time="1.029"/>
</testsuite>