<?xml version="1.0" encoding="UTF-8"?>
<!-- Generated by org.testng.reporters.JUnitReportReporter -->
<testsuite hostname="LMTN202461" name="com.maax.businessmanager.common.sampleTest" tests="6" failures="0" timestamp="19 Jan 2015 17:46:32 GMT" time="429.433" errors="0">
  <testcase name="basicnavigation" time="67.487" classname="com.maax.businessmanager.common.sampleTest"/>
  <testcase name="basicnavigation" time="69.435" classname="com.maax.businessmanager.common.sampleTest"/>
  <testcase name="basicnavigation" time="72.603" classname="com.maax.businessmanager.common.sampleTest"/>
  <testcase name="basicnavigation" time="73.328" classname="com.maax.businessmanager.common.sampleTest"/>
  <testcase name="basicnavigation" time="75.182" classname="com.maax.businessmanager.common.sampleTest"/>
  <testcase name="basicnavigation" time="71.398" classname="com.maax.businessmanager.common.sampleTest"/>
</testsuite> <!-- com.maax.businessmanager.common.sampleTest -->
