<?xml version="1.0" encoding="UTF-8"?>
<!-- Generated by org.testng.reporters.JUnitReportReporter -->
<testsuite hostname="LMTN202461" name="com.maax.businessmanager.common.databasecheckTEST" tests="1" failures="0" timestamp="19 Jan 2015 18:49:52 GMT" time="1.030" errors="0">
  <testcase name="dbtest" time="1.030" classname="com.maax.businessmanager.common.databasecheckTEST"/>
</testsuite>
