<?xml version="1.0" encoding="UTF-8"?>
<!-- Generated by org.testng.reporters.JUnitReportReporter -->
<testsuite hostname="LMTN202461" name="com.maax.businessmanager.common.databasecheckTEST" tests="1" failures="0" timestamp="18 Feb 2015 15:55:32 GMT" time="0.725" errors="0">
  <testcase name="dbtest" time="0.725" classname="com.maax.businessmanager.common.databasecheckTEST"/>
</testsuite>
